C51 COMPILER V9.60.7.0   MAIN                                                              07/15/2025 08:43:12 PAGE 1   


C51 COMPILER V9.60.7.0, COMPILATION OF MODULE MAIN
OBJECT MODULE PLACED IN .\Objects\main.obj
COMPILER INVOKED BY: C:\Keil_v5\C51\BIN\C51.EXE main.c OPTIMIZE(8,SPEED) BROWSE DEBUG OBJECTEXTEND PRINT(.\Listings\main
                    -.lst) TABS(2) OBJECT(.\Objects\main.obj)

line level    source

   1          #include <REGX52.H>
   2          
   3          void Delay1ms(unsigned int xms) //@12.000MHz
   4          {
   5   1        unsigned char data i, j;
   6   1        while(xms)
   7   1        {
   8   2          i = 2;
   9   2          j = 239;
  10   2          do
  11   2          {
  12   3            while (--j);
  13   3          } while (--i);
  14   2          xms--;
  15   2        }
  16   1        
  17   1      }
  18          
  19          void main()
  20          {
  21   1        Delay1ms(500);
  22   1        while(1)
  23   1        {
  24   2          P2=0xFE;//1111 1110
  25   2          Delay1ms(500);
  26   2          P2=0xFD;//1111 1101
  27   2          Delay1ms(500);
  28   2          P2=0xFB;//1111 1011
  29   2          Delay1ms(500);
  30   2          P2=0xF7;//1111 0111
  31   2          Delay1ms(500);
  32   2          P2=0xEF;//1110 1111
  33   2          Delay1ms(500);
  34   2          P2=0xDF;//1101 1111
  35   2          Delay1ms(500);
  36   2          P2=0xBF;//1011 1111
  37   2          Delay1ms(500);
  38   2          P2=0x7F;//0111 1111
  39   2          Delay1ms(500);
  40   2        }
  41   1      }


MODULE INFORMATION:   STATIC OVERLAYABLE
   CODE SIZE        =     77    ----
   CONSTANT SIZE    =   ----    ----
   XDATA SIZE       =   ----    ----
   PDATA SIZE       =   ----    ----
   DATA SIZE        =   ----    ----
   IDATA SIZE       =   ----    ----
   BIT SIZE         =   ----    ----
END OF MODULE INFORMATION.


C51 COMPILATION COMPLETE.  0 WARNING(S),  0 ERROR(S)
