C51 COMPILER V9.57.0.0   MAIN                                                              01/17/2026 15:49:16 PAGE 1   


C51 COMPILER V9.57.0.0, COMPILATION OF MODULE MAIN
OBJECT MODULE PLACED IN .\Objects\main.obj
COMPILER INVOKED BY: C:\Keil_v5\C51\BIN\C51.EXE main.c OPTIMIZE(8,SPEED) BROWSE DEBUG OBJECTEXTEND PRINT(.\Listings\main
                    -.lst) OBJECT(.\Objects\main.obj)

line level    source

   1          #include <REGX52.H>
   2          #include "Delay.h"
   3          #include "LCD1602.h"
   4          #include "MatrixKey.h"
   5          
   6          unsigned char KeyNum;
   7          unsigned int pos;
   8          void main()
   9          {
  10   1              LCD_Init();
  11   1              LCD_ShowString(1,1,"Password");
  12   1              pos=1;
  13   1              while(1)
  14   1              {
  15   2                      KeyNum=MatrixKey();
  16   2                      if(KeyNum)
  17   2                      {
  18   3                              LCD_ShowNum(2,pos,KeyNum,1);
  19   3                              pos++;
  20   3                      }
  21   2              }
  22   1      }


MODULE INFORMATION:   STATIC OVERLAYABLE
   CODE SIZE        =     54    ----
   CONSTANT SIZE    =      9    ----
   XDATA SIZE       =   ----    ----
   PDATA SIZE       =   ----    ----
   DATA SIZE        =      3    ----
   IDATA SIZE       =   ----    ----
   BIT SIZE         =   ----    ----
END OF MODULE INFORMATION.


C51 COMPILATION COMPLETE.  0 WARNING(S),  0 ERROR(S)
