C51 COMPILER V9.57.0.0   MAIN                                                              12/19/2025 23:28:24 PAGE 1   


C51 COMPILER V9.57.0.0, COMPILATION OF MODULE MAIN
OBJECT MODULE PLACED IN .\Objects\main.obj
COMPILER INVOKED BY: C:\Keil_v5\C51\BIN\C51.EXE main.c OPTIMIZE(8,SPEED) BROWSE DEBUG OBJECTEXTEND PRINT(.\Listings\main
                    -.lst) OBJECT(.\Objects\main.obj)

line level    source

   1          #include <REGX52.H>
   2          #include "LCD1602.h"
   3          void main()
   4          {
   5   1              LCD_Init();
   6   1              LCD_ShowString(1,1,"CUGB  SGG  WYC");
   7   1              LCD_ShowString(2,1,"ID:");
   8   1              LCD_ShowNum(2,5,10112,5);
   9   1              LCD_ShowNum(2,10,41110,5);
  10   1              while(1)
  11   1              {
  12   2              
  13   2              }
  14   1      }


MODULE INFORMATION:   STATIC OVERLAYABLE
   CODE SIZE        =     59    ----
   CONSTANT SIZE    =     19    ----
   XDATA SIZE       =   ----    ----
   PDATA SIZE       =   ----    ----
   DATA SIZE        =   ----    ----
   IDATA SIZE       =   ----    ----
   BIT SIZE         =   ----    ----
END OF MODULE INFORMATION.


C51 COMPILATION COMPLETE.  0 WARNING(S),  0 ERROR(S)
