C51 COMPILER V9.57.0.0   MAIN                                                              01/16/2026 17:25:22 PAGE 1   


C51 COMPILER V9.57.0.0, COMPILATION OF MODULE MAIN
OBJECT MODULE PLACED IN .\Objects\main.obj
COMPILER INVOKED BY: C:\Keil_v5\C51\BIN\C51.EXE main.c OPTIMIZE(8,SPEED) BROWSE DEBUG OBJECTEXTEND PRINT(.\Listings\main
                    -.lst) OBJECT(.\Objects\main.obj)

line level    source

   1          #include <REGX52.H>
   2          
   3          void main()
   4          {
   5   1                      long i=0;
   6   1                      while(i<1000000)
   7   1                      {
   8   2                              P2=0xFE;//1111 (15F) 1110(14E)
   9   2                              i++;
  10   2                      }
  11   1                      while(i>=1000000)
  12   1                      {
  13   2                              P2=0x00;//0000(0)0000(0)
  14   2                              i++;
  15   2                      }
  16   1      }
  17          /*#include <REGX52.H>
  18          
  19          void Delay(unsigned int t){ while(t--); }
  20          
  21          void main()
  22          {
  23              unsigned long i = 0;
  24          
  25              P2 = 0xFE;                   // 单灯（假设低电平点亮）
  26              while(i < 1000000UL) i++;
  27          
  28              // 一旦到这里，就疯狂闪烁：不可能看不见
  29              while(1){
  30                  P2 = 0x00;
  31                  Delay(50000);
  32                  P2 = 0xFF;
  33                  Delay(50000);
  34              }
  35          }*/


MODULE INFORMATION:   STATIC OVERLAYABLE
   CODE SIZE        =    113    ----
   CONSTANT SIZE    =   ----    ----
   XDATA SIZE       =   ----    ----
   PDATA SIZE       =   ----    ----
   DATA SIZE        =   ----       4
   IDATA SIZE       =   ----    ----
   BIT SIZE         =   ----    ----
END OF MODULE INFORMATION.


C51 COMPILATION COMPLETE.  0 WARNING(S),  0 ERROR(S)
