C51 COMPILER V9.57.0.0   BUZZER                                                            01/22/2026 14:31:12 PAGE 1   


C51 COMPILER V9.57.0.0, COMPILATION OF MODULE BUZZER
OBJECT MODULE PLACED IN .\Objects\Buzzer.obj
COMPILER INVOKED BY: C:\Keil_v5\C51\BIN\C51.EXE Buzzer.c OPTIMIZE(8,SPEED) BROWSE DEBUG OBJECTEXTEND PRINT(.\Listings\Bu
                    -zzer.lst) OBJECT(.\Objects\Buzzer.obj)

line level    source

   1          #include <REGX52.H>
   2          #include <INTRINS.h>
   3          sbit Buzzer=P1^5;
   4          unsigned int i;
   5          
   6          void Delay500us(void)   //@11.0592MHz
   7          {
   8   1              unsigned char data i;
   9   1      
  10   1              _nop_();
  11   1              i = 227;
  12   1              while (--i);
  13   1      }
  14          
  15          void buzzer_time(unsigned int ms)
  16          {
  17   1              for(i=0;i<ms*2;i++)
  18   1              {
  19   2                      Buzzer=!Buzzer;
  20   2                      Delay500us();
  21   2              }
  22   1      }


MODULE INFORMATION:   STATIC OVERLAYABLE
   CODE SIZE        =     47    ----
   CONSTANT SIZE    =   ----    ----
   XDATA SIZE       =   ----    ----
   PDATA SIZE       =   ----    ----
   DATA SIZE        =      2    ----
   IDATA SIZE       =   ----    ----
   BIT SIZE         =   ----    ----
END OF MODULE INFORMATION.


C51 COMPILATION COMPLETE.  0 WARNING(S),  0 ERROR(S)
