C51 COMPILER V9.57.0.0   MAIN                                                              01/19/2026 14:59:59 PAGE 1   


C51 COMPILER V9.57.0.0, COMPILATION OF MODULE MAIN
OBJECT MODULE PLACED IN .\Objects\main.obj
COMPILER INVOKED BY: C:\Keil_v5\C51\BIN\C51.EXE main.c OPTIMIZE(8,SPEED) BROWSE DEBUG OBJECTEXTEND PRINT(.\Listings\main
                    -.lst) OBJECT(.\Objects\main.obj)

line level    source

   1          #include <REGX52.H>
   2          #include "Delay.h"
   3          #include "UART.h"
   4          //void Uart_Isr(void) interrupt 4
   5          //{
   6          //      P2=0x00;
   7          //      if (TI)                         //检测串口1发送中断
   8          //      {
   9          //              TI = 0;                 //清除串口1发送中断请求位
  10          //      }
  11          //      if (RI)                         //检测串口1接收中断
  12          //      {
  13          //              RI = 0;                 //清除串口1接收中断请求位
  14          //      }
  15          //}
  16          
  17          //void Uart_Init(void)  //4800bps@11.0592MHz
  18          //{
  19          //      PCON &= 0x7F;           //波特率不倍速
  20          //      SCON = 0x50;            //8位数据,可变波特率
  21          //      AUXR &= 0xBF;           //定时器时钟12T模式
  22          //      AUXR &= 0xFE;           //串口1选择定时器1为波特率发生器
  23          //      TMOD &= 0x0F;           //设置定时器模式
  24          //      TMOD |= 0x20;           //设置定时器模式
  25          //      TL1 = 0xFA;                     //设置定时初始值
  26          //      TH1 = 0xFA;                     //设置定时重载值
  27          //      ET1 = 0;                        //禁止定时器中断
  28          //      TR1 = 1;                        //定时器1开始计时
  29          //      ES = 1;                         //使能串口1中断
  30          //}
  31          
  32          //void UART_Init(void)  //4800bps@11.0592MHz
  33          //{
  34          //      PCON &= 0x7F;           //波特率不倍速
  35          //      SCON = 0x50;            //8位数据,可变波特率
  36          ////    AUXR &= 0xBF;           //定时器时钟12T模式
  37          ////    AUXR &= 0xFE;           //串口1选择定时器1为波特率发生器
  38          //      TMOD &= 0x0F;           //设置定时器模式
  39          //      TMOD |= 0x20;           //设置定时器模式
  40          //      TL1 = 0xFA;                     //设置定时初始值
  41          //      TH1 = 0xFA;                     //设置定时重载值
  42          //      ET1 = 0;                        //禁止定时器中断
  43          //      TR1 = 1;                        //定时器1开始计时
  44          //}
  45          
  46          //void UART_Init()
  47          //{
  48          //      SCON=0x40;
  49          //      PCON=0;
  50          //      TMOD &= 0x0F;                   //设置定时器模式
  51          //      TMOD |= 0x20;                   //设置定时器模式
  52          //      TL0 = 0x66;                             //设置定时初始值
  53          //      TH0 = 0xFC;                             //设置定时初始值
  54          //      TF0 = 0;                                //清除TF0标志
C51 COMPILER V9.57.0.0   MAIN                                                              01/19/2026 14:59:59 PAGE 2   

  55          //      TR0 = 1;                                //定时器0开始计时
  56          //      ET0=1;
  57          //      EA=1;
  58          //      PT0=0;
  59          //}
  60          
  61          //void UART_SendByte(unsigned char Byte)
  62          //{
  63          //      SBUF=Byte;
  64          //      while(TI==0);
  65          //      //Delay(1)
  66          //      TI=0;
  67          //}
  68          //unsigned char SEC;
  69          void main()
  70          {
  71   1              UART_Init();
  72   1      //      Uart_Init();
  73   1              while(1)
  74   1              {
  75   2      //              UART_SendByte(SEC);
  76   2      //              Delay(1000);
  77   2      //              SEC++;
  78   2                      //Delay(1);
  79   2              }
  80   1      }
  81          
  82          void UART_Routine() interrupt 4
  83          {
  84   1              if(RI==1)
  85   1              {
  86   2                      P2=~SBUF;
  87   2                      UART_SendByte(SBUF);
  88   2              }
  89   1              RI=0;
  90   1      }


MODULE INFORMATION:   STATIC OVERLAYABLE
   CODE SIZE        =     76    ----
   CONSTANT SIZE    =   ----    ----
   XDATA SIZE       =   ----    ----
   PDATA SIZE       =   ----    ----
   DATA SIZE        =   ----    ----
   IDATA SIZE       =   ----    ----
   BIT SIZE         =   ----    ----
END OF MODULE INFORMATION.


C51 COMPILATION COMPLETE.  0 WARNING(S),  0 ERROR(S)
