C51 COMPILER V9.57.0.0   UART                                                              01/19/2026 14:59:59 PAGE 1   


C51 COMPILER V9.57.0.0, COMPILATION OF MODULE UART
OBJECT MODULE PLACED IN .\Objects\UART.obj
COMPILER INVOKED BY: C:\Keil_v5\C51\BIN\C51.EXE UART.c OPTIMIZE(8,SPEED) BROWSE DEBUG OBJECTEXTEND PRINT(.\Listings\UART
                    -.lst) OBJECT(.\Objects\UART.obj)

line level    source

   1          #include <REGX52.H>
   2          // Header:模块化编程
   3          // File Name: UART.c
   4          // Author:WYC-win
   5          // Date:2026-1-19
   6          
   7          
   8          /**
   9           * @brief  串口初始化
  10           * @param  无
  11           * @retval 无
  12           */
  13          
  14          void UART_Init(void)    //4800bps@11.0592MHz
  15          {
  16   1              PCON &= 0x7F;           //波特率不倍速
  17   1              SCON = 0x50;            //8位数据,可变波特率
  18   1      //      AUXR &= 0xBF;           //定时器时钟12T模式
  19   1      //      AUXR &= 0xFE;           //串口1选择定时器1为波特率发生器
  20   1              TMOD &= 0x0F;           //设置定时器模式
  21   1              TMOD |= 0x20;           //设置定时器模式
  22   1              TL1 = 0xFA;                     //设置定时初始值
  23   1              TH1 = 0xFA;                     //设置定时重载值
  24   1              ET1 = 0;                        //禁止定时器中断
  25   1              TR1 = 1;                        //定时器1开始计时
  26   1              ES=1;
  27   1              EA=1;
  28   1      }
  29          
  30          
  31          /**
  32           * @brief  串口发送一个字节数据
  33           * @param  字节数据
  34           * @retval 无
  35           */
  36          void UART_SendByte(unsigned char Byte)
  37          {
  38   1              SBUF=Byte;
  39   1              while(TI==0);
  40   1              //Delay(1)
  41   1              TI=0;
  42   1      }
  43          
  44          /**
  45           * @brief  串口中断模板
  46           * @param  无
  47           * @retval 无
  48           */
  49          //void UART_Routine() interrupt 4
  50          //{
  51          //      if(RI==1)
  52          //      {
  53          //              P2=~SBUF;
  54          //              UART_SendByte(SBUF);
C51 COMPILER V9.57.0.0   UART                                                              01/19/2026 14:59:59 PAGE 2   

  55          //      }
  56          //      RI=0;
  57          //}


MODULE INFORMATION:   STATIC OVERLAYABLE
   CODE SIZE        =     35    ----
   CONSTANT SIZE    =   ----    ----
   XDATA SIZE       =   ----    ----
   PDATA SIZE       =   ----    ----
   DATA SIZE        =   ----    ----
   IDATA SIZE       =   ----    ----
   BIT SIZE         =   ----    ----
END OF MODULE INFORMATION.


C51 COMPILATION COMPLETE.  0 WARNING(S),  0 ERROR(S)
