C51 COMPILER V9.57.0.0   MAIN                                                              01/20/2026 16:09:42 PAGE 1   


C51 COMPILER V9.57.0.0, COMPILATION OF MODULE MAIN
OBJECT MODULE PLACED IN .\Objects\main.obj
COMPILER INVOKED BY: C:\Keil_v5\C51\BIN\C51.EXE main.c OPTIMIZE(8,SPEED) BROWSE DEBUG OBJECTEXTEND PRINT(.\Listings\main
                    -.lst) OBJECT(.\Objects\main.obj)

line level    source

   1          #include <REGX52.H>
   2          #include "Delay.h"
   3          
   4          sbit RCK=P3^5;
   5          sbit SCK=P3^6;
   6          sbit SER=P3^4;
   7          
   8          
   9                  
  10          void _74HC595_WriteByte(unsigned char Byte)
  11          {
  12   1              unsigned char i;
  13   1              for(i=0;i<8;i++)
  14   1              {
  15   2                      SER=Byte&(0x80>>i);//利用位对齐
  16   2                      SCK=1;
  17   2                      SCK=0;
  18   2              }
  19   1              RCK=1;
  20   1              RCK=0;
  21   1      }
  22          
  23          void matrixled_showcolumn(unsigned char column,Data)
  24          {
  25   1              _74HC595_WriteByte(Data);
  26   1              P0=~(0x80>>column);
  27   1              Delay(1);
  28   1              P0=0xFF;
  29   1      }
  30          
  31          void main()
  32          {
  33   1              unsigned char p;
  34   1              SER=0;
  35   1              SCK=0;
  36   1              RCK=0; 
  37   1              while(1)
  38   1              {
  39   2                      for(p=0;p<8;p++)
  40   2                      {
  41   3                              matrixled_showcolumn(p,0xFF);
  42   3                              Delay(30);
  43   3                      }
  44   2              }
  45   1              //matrixled_showcolumn(1,0xFF);
  46   1              while(1)
  47   1              {
  48   2      //              _74HC595_WriteByte(0x00);
  49   2      //              P0=0xFF;
  50   2              }
  51   1      }


MODULE INFORMATION:   STATIC OVERLAYABLE
C51 COMPILER V9.57.0.0   MAIN                                                              01/20/2026 16:09:42 PAGE 2   

   CODE SIZE        =    115    ----
   CONSTANT SIZE    =   ----    ----
   XDATA SIZE       =   ----    ----
   PDATA SIZE       =   ----    ----
   DATA SIZE        =   ----       1
   IDATA SIZE       =   ----    ----
   BIT SIZE         =   ----    ----
END OF MODULE INFORMATION.


C51 COMPILATION COMPLETE.  0 WARNING(S),  0 ERROR(S)
