C51 COMPILER V9.57.0.0   MAIN                                                              01/18/2026 21:16:20 PAGE 1   


C51 COMPILER V9.57.0.0, COMPILATION OF MODULE MAIN
OBJECT MODULE PLACED IN .\Objects\main.obj
COMPILER INVOKED BY: C:\Keil_v5\C51\BIN\C51.EXE main.c OPTIMIZE(8,SPEED) BROWSE DEBUG OBJECTEXTEND PRINT(.\Listings\main
                    -.lst) OBJECT(.\Objects\main.obj)

line level    source

   1          #include <REGX52.H>
   2          #include "Timer0.h"
   3          #include "Key.h"
   4          #include <INTRINS.H>
   5          
   6          /*void Timer0_Init(void)                //1毫秒@11.0592MHz
   7          {
   8                  //AUXR &= 0x7F;                 //定时器时钟12T模式
   9                  TMOD &= 0xF0;                   //设置定时器模式
  10                  TMOD |= 0x01;                   //设置定时器模式
  11                  TL0 = 0x66;                             //设置定时初始值
  12                  TH0 = 0xFC;                             //设置定时初始值
  13                  TF0 = 0;                                //清除TF0标志
  14                  TR0 = 1;                                //定时器0开始计时
  15                  ET0=1;
  16                  EA=1;
  17                  PT0=0;
  18          }*/
  19          
  20          unsigned char keynum,LEDmode;
  21          void main()
  22          {
  23   1              LEDmode=0;
  24   1              keynum=0;
  25   1              P2=0xFE;
  26   1              Timer0_Init();
  27   1              while(1)
  28   1              {
  29   2                      keynum=Key();
  30   2                      if(keynum)
  31   2                      {
  32   3                              if(keynum==1)
  33   3                              {
  34   4                                      LEDmode++;
  35   4                                      if(LEDmode>=2)LEDmode=0;
  36   4                              }
  37   3      //                      LEDmode++;
  38   3      //                      if(keynum==1)P2_1=~P2_1;
  39   3      //                      if(keynum==2)P2_1=~P2_1;
  40   3      //                      if(keynum==3)P2_1=~P2_1;
  41   3      //                      if(keynum==4)P2_1=~P2_1;
  42   3                      }
  43   2              }
  44   1      }
  45          
  46          //unsigned int T0Count;
  47          void Timer0_rontine() interrupt 1
  48          {
  49   1              static unsigned int T0Count;
  50   1              TL0 = 0x66;                             
  51   1              TH0 = 0xFC;
  52   1              T0Count++;
  53   1              if(T0Count>=500)
  54   1              {
C51 COMPILER V9.57.0.0   MAIN                                                              01/18/2026 21:16:20 PAGE 2   

  55   2                      T0Count=0;
  56   2      //              P2_0=~P2_0;
  57   2                      if(LEDmode==0)
  58   2                              P2=_crol_(P2,1);
  59   2                      if(LEDmode==1)
  60   2                              P2=_cror_(P2,1);
  61   2              }
  62   1      
  63   1      }


MODULE INFORMATION:   STATIC OVERLAYABLE
   CODE SIZE        =    121    ----
   CONSTANT SIZE    =   ----    ----
   XDATA SIZE       =   ----    ----
   PDATA SIZE       =   ----    ----
   DATA SIZE        =      4    ----
   IDATA SIZE       =   ----    ----
   BIT SIZE         =   ----    ----
END OF MODULE INFORMATION.


C51 COMPILATION COMPLETE.  0 WARNING(S),  0 ERROR(S)
