C51 COMPILER V9.60.7.0   MAIN                                                              07/24/2025 23:00:08 PAGE 1   


C51 COMPILER V9.60.7.0, COMPILATION OF MODULE MAIN
OBJECT MODULE PLACED IN .\Objects\main.obj
COMPILER INVOKED BY: C:\Keil_v5\C51\BIN\C51.EXE main.c OPTIMIZE(8,SPEED) BROWSE DEBUG OBJECTEXTEND PRINT(.\Listings\main
                    -.lst) TABS(2) OBJECT(.\Objects\main.obj)

line level    source

   1          #include <REGX51.H>
   2          void Delay(unsigned int xms)  //@11.030MHz
   3          {
   4   1        unsigned char data i, j;
   5   1        while(xms)
   6   1        {
   7   2          i = 2;
   8   2          j = 198;
   9   2          do
  10   2          {
  11   3            while (--j);
  12   3          } while (--i);
  13   2          xms--;
  14   2        }
  15   1        
  16   1      }
  17          
  18          void main()
  19          {
  20   1        char LEDNum=-1;
  21   1        P0=0x00;
  22   1        //P2=~0x01;
  23   1        while(1)
  24   1        {
  25   2          if(P3_0==0)
  26   2          {
  27   3            Delay(20);
  28   3            while(P3_0==0);
  29   3            Delay(20);
  30   3            
  31   3            LEDNum++;
  32   3            if(LEDNum>=8)
  33   3            {
  34   4              LEDNum=0;
  35   4            }
  36   3            P2=~(0x01<<LEDNum);
  37   3            
  38   3          }
  39   2          if(P3_1==0)
  40   2          {
  41   3            Delay(20);
  42   3            while(P3_1==0);
  43   3            Delay(20);
  44   3            if(LEDNum==0)
  45   3            {
  46   4              LEDNum=7;
  47   4            }
  48   3            else if(LEDNum==-1)
  49   3            {
  50   4              LEDNum=0;
  51   4            }
  52   3            else
  53   3            {
  54   4              LEDNum--;
C51 COMPILER V9.60.7.0   MAIN                                                              07/24/2025 23:00:08 PAGE 2   

  55   4            }
  56   3            
  57   3            if(LEDNum>=8)
  58   3            {
  59   4              LEDNum=0;
  60   4            }
  61   3            P2=~(0x01<<LEDNum);
  62   3          }
  63   2        }
  64   1      }


MODULE INFORMATION:   STATIC OVERLAYABLE
   CODE SIZE        =    119    ----
   CONSTANT SIZE    =   ----    ----
   XDATA SIZE       =   ----    ----
   PDATA SIZE       =   ----    ----
   DATA SIZE        =   ----    ----
   IDATA SIZE       =   ----    ----
   BIT SIZE         =   ----    ----
END OF MODULE INFORMATION.


C51 COMPILATION COMPLETE.  0 WARNING(S),  0 ERROR(S)
