C51 COMPILER V9.57.0.0   MAIN                                                              01/18/2026 21:41:57 PAGE 1   


C51 COMPILER V9.57.0.0, COMPILATION OF MODULE MAIN
OBJECT MODULE PLACED IN .\Objects\main.obj
COMPILER INVOKED BY: C:\Keil_v5\C51\BIN\C51.EXE main.c OPTIMIZE(8,SPEED) BROWSE DEBUG OBJECTEXTEND PRINT(.\Listings\main
                    -.lst) OBJECT(.\Objects\main.obj)

line level    source

   1          #include <REGX52.H>
   2          #include "Delay.h"
   3          #include "LCD1602.h"
   4          #include "Timer0.h"
   5          unsigned char Sec,Min,Hour;
   6          void main()
   7          {
   8   1              Sec=00;
   9   1              Min=42;
  10   1              Hour=21;
  11   1              LCD_Init();
  12   1              Timer0_Init();
  13   1              LCD_ShowString(1,1,"Clock:");
  14   1              LCD_ShowString(2,1,"  :  :");
  15   1              while(1)
  16   1              {
  17   2                      LCD_ShowNum(2,1,Hour,2);
  18   2                      LCD_ShowNum(2,4,Min,2);
  19   2                      LCD_ShowNum(2,7,Sec,2);
  20   2              }
  21   1      }
  22          
  23           void Timer0_rontine() interrupt 1
  24          {
  25   1              static unsigned int T0Count;
  26   1              TL0 = 0x66;                             
  27   1              TH0 = 0xFC;
  28   1              T0Count++;
  29   1              if(T0Count>=1000)
  30   1              {
  31   2                      Sec++;
  32   2                      T0Count=0;
  33   2                      if(Sec>=60)
  34   2                      {
  35   3                              Sec=0;
  36   3                              Min++;
  37   3                              if(Min>=60)
  38   3                              {
  39   4                                      Min=0;
  40   4                                      Hour++;
  41   4                                      if(Hour>24)
  42   4                                      {
  43   5      //                                      Sec=0;
  44   5      //                                      Min=0;
  45   5                                              Hour=0;
  46   5                                      }
  47   4                              }
  48   3                      }
  49   2                      //P2_0=~P2_0;
  50   2              }
  51   1      
  52   1      } 


C51 COMPILER V9.57.0.0   MAIN                                                              01/18/2026 21:41:57 PAGE 2   

MODULE INFORMATION:   STATIC OVERLAYABLE
   CODE SIZE        =    160    ----
   CONSTANT SIZE    =     14    ----
   XDATA SIZE       =   ----    ----
   PDATA SIZE       =   ----    ----
   DATA SIZE        =      5    ----
   IDATA SIZE       =   ----    ----
   BIT SIZE         =   ----    ----
END OF MODULE INFORMATION.


C51 COMPILATION COMPLETE.  0 WARNING(S),  0 ERROR(S)
