C51 COMPILER V9.57.0.0   DS1302                                                            01/21/2026 15:39:33 PAGE 1   


C51 COMPILER V9.57.0.0, COMPILATION OF MODULE DS1302
OBJECT MODULE PLACED IN .\Objects\DS1302.obj
COMPILER INVOKED BY: C:\Keil_v5\C51\BIN\C51.EXE DS1302.c OPTIMIZE(8,SPEED) BROWSE DEBUG OBJECTEXTEND PRINT(.\Listings\DS
                    -1302.lst) OBJECT(.\Objects\DS1302.obj)

line level    source

   1          #include <REGX52.H>
   2          
   3          sbit DS1302_sclk=P3^6;
   4          sbit DS1302_io=P3^4;
   5          sbit DS1302_ce=P3^5;
   6          
   7          #define DS1302_SECOND           0x80
   8          #define DS1302_MINUTE           0x82
   9          #define DS1302_HOUR                     0x84
  10          #define DS1302_DATE                     0x86
  11          #define DS1302_MONTH            0x88
  12          #define DS1302_DAY                      0x8A
  13          #define DS1302_YEAR                     0x8C
  14          #define DS1302_WP                       0x8E
  15          
  16          char DS1302_Time[]={19,11,16,12,59,55,6};
  17          
  18          void DS1302_init()
  19          {
  20   1              //DS1302_writebyte(0x8E,0x00);
  21   1              //DS1302_io=0;
  22   1              DS1302_ce=0;
  23   1              DS1302_sclk=0;
  24   1      }
  25          
  26          void DS1302_writebyte(unsigned char command,Data)
  27          {
  28   1              unsigned char i;
  29   1              DS1302_ce=1;
  30   1              for(i=0;i<8;i++)
  31   1              {
  32   2                      DS1302_io=command&(0x01<<i);
  33   2                      DS1302_sclk=1;
  34   2                      DS1302_sclk=0;
  35   2              }
  36   1              for(i=0;i<8;i++)
  37   1              {
  38   2                      DS1302_io=Data&(0x01<<i);
  39   2                      DS1302_sclk=1;
  40   2                      DS1302_sclk=0;
  41   2              }
  42   1              DS1302_ce=0;
  43   1      }
  44          
  45          unsigned char DS1302_readbyte(unsigned char command)
  46          {
  47   1              unsigned char i,Data=0x00;
  48   1              //DS1302_writebyte(0x8E,0x00);
  49   1              DS1302_ce=1;
  50   1              for(i=0;i<8;i++)
  51   1              {
  52   2                      DS1302_io=command&(0x01<<i);
  53   2                      DS1302_sclk=0;
  54   2                      DS1302_sclk=1;
C51 COMPILER V9.57.0.0   DS1302                                                            01/21/2026 15:39:33 PAGE 2   

  55   2              }
  56   1              
  57   1              for(i=0;i<8;i++)
  58   1              {
  59   2                      DS1302_sclk=1;
  60   2                      DS1302_sclk=0;
  61   2                      if(DS1302_io){Data|=(0x01<<i);}
  62   2              }
  63   1              DS1302_io=0;
  64   1              DS1302_ce=0;
  65   1              return Data;
  66   1      }
  67          
  68          void DS1302_SetTime(void)
  69          {
  70   1              DS1302_writebyte(DS1302_WP,0x00);
  71   1              DS1302_writebyte(DS1302_YEAR,DS1302_Time[0]/10*16+DS1302_Time[0]%10);//十进制转BCD码后写入
  72   1              DS1302_writebyte(DS1302_MONTH,DS1302_Time[1]/10*16+DS1302_Time[1]%10);
  73   1              DS1302_writebyte(DS1302_DATE,DS1302_Time[2]/10*16+DS1302_Time[2]%10);
  74   1              DS1302_writebyte(DS1302_HOUR,DS1302_Time[3]/10*16+DS1302_Time[3]%10);
  75   1              DS1302_writebyte(DS1302_MINUTE,DS1302_Time[4]/10*16+DS1302_Time[4]%10);
  76   1              DS1302_writebyte(DS1302_SECOND,DS1302_Time[5]/10*16+DS1302_Time[5]%10);
  77   1              DS1302_writebyte(DS1302_DAY,DS1302_Time[6]/10*16+DS1302_Time[6]%10);
  78   1              DS1302_writebyte(DS1302_WP,0x80);
  79   1      }
  80          
  81          void DS1302_ReadTime(void)
  82          {
  83   1              unsigned char Temp;
  84   1              Temp=DS1302_readbyte(DS1302_YEAR);
  85   1              DS1302_Time[0]=Temp/16*10+Temp%16;//BCD码转十进制后读取
  86   1              Temp=DS1302_readbyte(DS1302_MONTH);
  87   1              DS1302_Time[1]=Temp/16*10+Temp%16;
  88   1              Temp=DS1302_readbyte(DS1302_DATE);
  89   1              DS1302_Time[2]=Temp/16*10+Temp%16;
  90   1              Temp=DS1302_readbyte(DS1302_HOUR);
  91   1              DS1302_Time[3]=Temp/16*10+Temp%16;
  92   1              Temp=DS1302_readbyte(DS1302_MINUTE);
  93   1              DS1302_Time[4]=Temp/16*10+Temp%16;
  94   1              Temp=DS1302_readbyte(DS1302_SECOND);
  95   1              DS1302_Time[5]=Temp/16*10+Temp%16;
  96   1              Temp=DS1302_readbyte(DS1302_DAY);
  97   1              DS1302_Time[6]=Temp/16*10+Temp%16;
  98   1      }


MODULE INFORMATION:   STATIC OVERLAYABLE
   CODE SIZE        =    691    ----
   CONSTANT SIZE    =   ----    ----
   XDATA SIZE       =   ----    ----
   PDATA SIZE       =   ----    ----
   DATA SIZE        =      7       2
   IDATA SIZE       =   ----    ----
   BIT SIZE         =   ----    ----
END OF MODULE INFORMATION.


C51 COMPILATION COMPLETE.  0 WARNING(S),  0 ERROR(S)
