C51 COMPILER V9.57.0.0   MAIN                                                              01/21/2026 15:39:32 PAGE 1   


C51 COMPILER V9.57.0.0, COMPILATION OF MODULE MAIN
OBJECT MODULE PLACED IN .\Objects\main.obj
COMPILER INVOKED BY: C:\Keil_v5\C51\BIN\C51.EXE main.c OPTIMIZE(8,SPEED) BROWSE DEBUG OBJECTEXTEND PRINT(.\Listings\main
                    -.lst) OBJECT(.\Objects\main.obj)

line level    source

   1          #include <REGX52.H>
   2          #include "LCD1602.h"
   3          #include "DS1302.h"
   4          #include "Delay.h"
   5          #include "Key.h"
   6          #include "Timer0.h"
   7          
   8          unsigned char KeyNum,MODE,TimeSetSelect,TimeSetFlashFlag;
   9          
  10          void TimeShow(void)//时间显示功能
  11          {
  12   1              DS1302_ReadTime();//读取时间
  13   1              LCD_ShowNum(1,1,DS1302_Time[0],2);//显示年
  14   1              LCD_ShowNum(1,4,DS1302_Time[1],2);//显示月
  15   1              LCD_ShowNum(1,7,DS1302_Time[2],2);//显示日
  16   1              LCD_ShowNum(2,1,DS1302_Time[3],2);//显示时
  17   1              LCD_ShowNum(2,4,DS1302_Time[4],2);//显示分
  18   1              LCD_ShowNum(2,7,DS1302_Time[5],2);//显示秒
  19   1      }
  20          
  21          void TimeSet(void)//时间设置功能
  22          {
  23   1              if(KeyNum==2)//按键2按下
  24   1              {
  25   2                      TimeSetSelect++;//设置选择位加1
  26   2                      TimeSetSelect%=6;//越界清零
  27   2              }
  28   1              if(KeyNum==3)//按键3按下
  29   1              {
  30   2                      DS1302_Time[TimeSetSelect]++;//时间设置位数值加1
  31   2                      if(DS1302_Time[0]>99){DS1302_Time[0]=0;}//年越界判断
  32   2                      if(DS1302_Time[1]>12){DS1302_Time[1]=1;}//月越界判断
  33   2                      if( DS1302_Time[1]==1 || DS1302_Time[1]==3 || DS1302_Time[1]==5 || DS1302_Time[1]==7 || 
  34   2                              DS1302_Time[1]==8 || DS1302_Time[1]==10 || DS1302_Time[1]==12)//日越界判断
  35   2                      {
  36   3                              if(DS1302_Time[2]>31){DS1302_Time[2]=1;}//大月
  37   3                      }
  38   2                      else if(DS1302_Time[1]==4 || DS1302_Time[1]==6 || DS1302_Time[1]==9 || DS1302_Time[1]==11)
  39   2                      {
  40   3                              if(DS1302_Time[2]>30){DS1302_Time[2]=1;}//小月
  41   3                      }
  42   2                      else if(DS1302_Time[1]==2)
  43   2                      {
  44   3                              if(DS1302_Time[0]%4==0)
  45   3                              {
  46   4                                      if(DS1302_Time[2]>29){DS1302_Time[2]=1;}//闰年2月
  47   4                              }
  48   3                              else
  49   3                              {
  50   4                                      if(DS1302_Time[2]>28){DS1302_Time[2]=1;}//平年2月
  51   4                              }
  52   3                      }
  53   2                      if(DS1302_Time[3]>23){DS1302_Time[3]=0;}//时越界判断
  54   2                      if(DS1302_Time[4]>59){DS1302_Time[4]=0;}//分越界判断
C51 COMPILER V9.57.0.0   MAIN                                                              01/21/2026 15:39:32 PAGE 2   

  55   2                      if(DS1302_Time[5]>59){DS1302_Time[5]=0;}//秒越界判断
  56   2              }
  57   1              if(KeyNum==4)//按键3按下
  58   1              {
  59   2                      DS1302_Time[TimeSetSelect]--;//时间设置位数值减1
  60   2                      if(DS1302_Time[0]<0){DS1302_Time[0]=99;}//年越界判断
  61   2                      if(DS1302_Time[1]<1){DS1302_Time[1]=12;}//月越界判断
  62   2                      if( DS1302_Time[1]==1 || DS1302_Time[1]==3 || DS1302_Time[1]==5 || DS1302_Time[1]==7 || 
  63   2                              DS1302_Time[1]==8 || DS1302_Time[1]==10 || DS1302_Time[1]==12)//日越界判断
  64   2                      {
  65   3                              if(DS1302_Time[2]<1){DS1302_Time[2]=31;}//大月
  66   3                              if(DS1302_Time[2]>31){DS1302_Time[2]=1;}
  67   3                      }
  68   2                      else if(DS1302_Time[1]==4 || DS1302_Time[1]==6 || DS1302_Time[1]==9 || DS1302_Time[1]==11)
  69   2                      {
  70   3                              if(DS1302_Time[2]<1){DS1302_Time[2]=30;}//小月
  71   3                              if(DS1302_Time[2]>30){DS1302_Time[2]=1;}
  72   3                      }
  73   2                      else if(DS1302_Time[1]==2)
  74   2                      {
  75   3                              if(DS1302_Time[0]%4==0)
  76   3                              {
  77   4                                      if(DS1302_Time[2]<1){DS1302_Time[2]=29;}//闰年2月
  78   4                                      if(DS1302_Time[2]>29){DS1302_Time[2]=1;}
  79   4                              }
  80   3                              else
  81   3                              {
  82   4                                      if(DS1302_Time[2]<1){DS1302_Time[2]=28;}//平年2月
  83   4                                      if(DS1302_Time[2]>28){DS1302_Time[2]=1;}
  84   4                              }
  85   3                      }
  86   2                      if(DS1302_Time[3]<0){DS1302_Time[3]=23;}//时越界判断
  87   2                      if(DS1302_Time[4]<0){DS1302_Time[4]=59;}//分越界判断
  88   2                      if(DS1302_Time[5]<0){DS1302_Time[5]=59;}//秒越界判断
  89   2              }
  90   1              //更新显示，根据TimeSetSelect和TimeSetFlashFlag判断可完成闪烁功能
  91   1              if(TimeSetSelect==0 && TimeSetFlashFlag==1){LCD_ShowString(1,1,"  ");}
  92   1              else {LCD_ShowNum(1,1,DS1302_Time[0],2);}
  93   1              if(TimeSetSelect==1 && TimeSetFlashFlag==1){LCD_ShowString(1,4,"  ");}
  94   1              else {LCD_ShowNum(1,4,DS1302_Time[1],2);}
  95   1              if(TimeSetSelect==2 && TimeSetFlashFlag==1){LCD_ShowString(1,7,"  ");}
  96   1              else {LCD_ShowNum(1,7,DS1302_Time[2],2);}
  97   1              if(TimeSetSelect==3 && TimeSetFlashFlag==1){LCD_ShowString(2,1,"  ");}
  98   1              else {LCD_ShowNum(2,1,DS1302_Time[3],2);}
  99   1              if(TimeSetSelect==4 && TimeSetFlashFlag==1){LCD_ShowString(2,4,"  ");}
 100   1              else {LCD_ShowNum(2,4,DS1302_Time[4],2);}
 101   1              if(TimeSetSelect==5 && TimeSetFlashFlag==1){LCD_ShowString(2,7,"  ");}
 102   1              else {LCD_ShowNum(2,7,DS1302_Time[5],2);}
 103   1      }
 104          
 105          void main()
 106          {
 107   1              LCD_Init();
 108   1              DS1302_init();
 109   1              Timer0_Init();
 110   1              LCD_ShowString(1,1,"  -  -  ");//静态字符初始化显示
 111   1              LCD_ShowString(2,1,"  :  :  ");
 112   1              
 113   1              DS1302_SetTime();//设置时间
 114   1              
 115   1              while(1)
 116   1              {
C51 COMPILER V9.57.0.0   MAIN                                                              01/21/2026 15:39:32 PAGE 3   

 117   2                      KeyNum=Key();//读取键码
 118   2                      if(KeyNum==1)//按键1按下
 119   2                      {
 120   3                              if(MODE==0){MODE=1;TimeSetSelect=0;}//功能切换
 121   3                              else if(MODE==1){MODE=0;DS1302_SetTime();}
 122   3                      }
 123   2                      switch(MODE)//根据不同的功能执行不同的函数
 124   2                      {
 125   3                              case 0:TimeShow();break;
 126   3                              case 1:TimeSet();break;
 127   3                      }
 128   2              }
 129   1      }
 130          
 131          void Timer0_Routine() interrupt 1
 132          {
 133   1              static unsigned int T0Count;
 134   1              TL0 = 0x18;             //设置定时初值
 135   1              TH0 = 0xFC;             //设置定时初值
 136   1              T0Count++;
 137   1              if(T0Count>=500)//每500ms进入一次
 138   1              {
 139   2                      T0Count=0;
 140   2                      TimeSetFlashFlag=!TimeSetFlashFlag;//闪烁标志位取反
 141   2              }
 142   1      }


MODULE INFORMATION:   STATIC OVERLAYABLE
   CODE SIZE        =    969    ----
   CONSTANT SIZE    =     21    ----
   XDATA SIZE       =   ----    ----
   PDATA SIZE       =   ----    ----
   DATA SIZE        =      6    ----
   IDATA SIZE       =   ----    ----
   BIT SIZE         =   ----    ----
END OF MODULE INFORMATION.


C51 COMPILATION COMPLETE.  0 WARNING(S),  0 ERROR(S)
