C51 COMPILER V9.57.0.0   MATRIXLED                                                         01/20/2026 16:47:55 PAGE 1   


C51 COMPILER V9.57.0.0, COMPILATION OF MODULE MATRIXLED
OBJECT MODULE PLACED IN .\Objects\matrixled.obj
COMPILER INVOKED BY: C:\Keil_v5\C51\BIN\C51.EXE matrixled.c OPTIMIZE(8,SPEED) BROWSE DEBUG OBJECTEXTEND PRINT(.\Listings
                    -\matrixled.lst) OBJECT(.\Objects\matrixled.obj)

line level    source

   1          #include <REGX52.H>
   2          #include "Delay.h"
   3          sbit RCK=P3^5;
   4          sbit SCK=P3^6;
   5          sbit SER=P3^4; 
   6          
   7          /**
   8           * @brief  74hc595写入一个字节
   9           * @param  Byte
  10           * @retval 无
  11           */
  12          
  13          void matrixled_init()
  14          {
  15   1              SER=0;
  16   1              SCK=0;
  17   1              RCK=0; 
  18   1      }
  19                  
  20          void _74HC595_WriteByte(unsigned char Byte)
  21          {
  22   1              unsigned char i;
  23   1              for(i=0;i<8;i++)
  24   1              {
  25   2                      SER=Byte&(0x80>>i);//利用位对齐
  26   2                      SCK=1;
  27   2                      SCK=0;
  28   2              }
  29   1              RCK=1;
  30   1              RCK=0;
  31   1      }
  32          
  33          
  34          /**
  35          * @brief  Led点阵屏显示一列数据
  36           *@param  自己看吧，懒得打字
  37          * @retval 同上
  38           */
  39          void matrixled_showcolumn(unsigned char column,Data)
  40          {
  41   1              _74HC595_WriteByte(Data);
  42   1              P0=~(0x80>>column);
  43   1              Delay(1);
  44   1              P0=0xFF;
  45   1      }


MODULE INFORMATION:   STATIC OVERLAYABLE
   CODE SIZE        =     86    ----
   CONSTANT SIZE    =   ----    ----
   XDATA SIZE       =   ----    ----
   PDATA SIZE       =   ----    ----
   DATA SIZE        =   ----    ----
   IDATA SIZE       =   ----    ----
C51 COMPILER V9.57.0.0   MATRIXLED                                                         01/20/2026 16:47:55 PAGE 2   

   BIT SIZE         =   ----    ----
END OF MODULE INFORMATION.


C51 COMPILATION COMPLETE.  0 WARNING(S),  0 ERROR(S)
