C51 COMPILER V9.57.0.0   MAIN                                                              01/19/2026 14:34:48 PAGE 1   


C51 COMPILER V9.57.0.0, COMPILATION OF MODULE MAIN
OBJECT MODULE PLACED IN .\Objects\main.obj
COMPILER INVOKED BY: C:\Keil_v5\C51\BIN\C51.EXE main.c OPTIMIZE(8,SPEED) BROWSE DEBUG OBJECTEXTEND PRINT(.\Listings\main
                    -.lst) OBJECT(.\Objects\main.obj)

line level    source

   1          #include <REGX52.H>
   2          #include "Delay.h"
   3          #include "UART.h"
   4          //void UART_Init(void)  //4800bps@11.0592MHz
   5          //{
   6          //      PCON &= 0x7F;           //波特率不倍速
   7          //      SCON = 0x50;            //8位数据,可变波特率
   8          ////    AUXR &= 0xBF;           //定时器时钟12T模式
   9          ////    AUXR &= 0xFE;           //串口1选择定时器1为波特率发生器
  10          //      TMOD &= 0x0F;           //设置定时器模式
  11          //      TMOD |= 0x20;           //设置定时器模式
  12          //      TL1 = 0xFA;                     //设置定时初始值
  13          //      TH1 = 0xFA;                     //设置定时重载值
  14          //      ET1 = 0;                        //禁止定时器中断
  15          //      TR1 = 1;                        //定时器1开始计时
  16          //}
  17          
  18          //void UART_Init()
  19          //{
  20          //      SCON=0x40;
  21          //      PCON=0;
  22          //      TMOD &= 0x0F;                   //设置定时器模式
  23          //      TMOD |= 0x20;                   //设置定时器模式
  24          //      TL0 = 0x66;                             //设置定时初始值
  25          //      TH0 = 0xFC;                             //设置定时初始值
  26          //      TF0 = 0;                                //清除TF0标志
  27          //      TR0 = 1;                                //定时器0开始计时
  28          //      ET0=1;
  29          //      EA=1;
  30          //      PT0=0;
  31          //}
  32          
  33          //void UART_SendByte(unsigned char Byte)
  34          //{
  35          //      SBUF=Byte;
  36          //      while(TI==0);
  37          //      //Delay(1)
  38          //      TI=0;
  39          //}
  40          unsigned char SEC;
  41          void main()
  42          {
  43   1              UART_Init();
  44   1              
  45   1              while(1)
  46   1              {
  47   2                      UART_SendByte(SEC);
  48   2                      Delay(1000);
  49   2                      SEC++;
  50   2                      //Delay(1);
  51   2              }
  52   1      }


C51 COMPILER V9.57.0.0   MAIN                                                              01/19/2026 14:34:48 PAGE 2   

MODULE INFORMATION:   STATIC OVERLAYABLE
   CODE SIZE        =     19    ----
   CONSTANT SIZE    =   ----    ----
   XDATA SIZE       =   ----    ----
   PDATA SIZE       =   ----    ----
   DATA SIZE        =      1    ----
   IDATA SIZE       =   ----    ----
   BIT SIZE         =   ----    ----
END OF MODULE INFORMATION.


C51 COMPILATION COMPLETE.  0 WARNING(S),  0 ERROR(S)
