C51 COMPILER V9.54   MAIN                                                                  12/11/2025 21:06:24 PAGE 1   


C51 COMPILER V9.54, COMPILATION OF MODULE MAIN
OBJECT MODULE PLACED IN .\Objects\main.obj
COMPILER INVOKED BY: C:\Keil_v5\C51\BIN\C51.EXE main.c OPTIMIZE(8,SPEED) BROWSE DEBUG OBJECTEXTEND PRINT(.\Listings\main
                    -.lst) OBJECT(.\Objects\main.obj)

line level    source

   1          #include <REGX52.H>
   2          
   3          void Delay(unsigned int xms)    //@12.000MHz
   4          {
   5   1              unsigned char data i, j;
   6   1              while(xms--)
   7   1              {
   8   2                      i = 2;
   9   2                      j = 239;
  10   2                      do
  11   2                      {
  12   3                      while (--j);
  13   3                      } 
  14   2                      while (--i);
  15   2              }
  16   1              
  17   1      }
  18          
  19          unsigned char light_number[10]={0x3F,0x06,0x5B,0x4F,0x66,0x6D,0x7D,0x07,0x7F,0x6F};
  20          
  21          void LED(unsigned char led_position,number)
  22          {
  23   1              switch(led_position)
  24   1              {
  25   2                      case 1:P2_4=1,P2_3=1;P2_2=1;break;
  26   2                      case 2:P2_4=1,P2_3=1;P2_2=0;break;
  27   2                      case 3:P2_4=1,P2_3=0;P2_2=1;break;
  28   2                      case 4:P2_4=1,P2_3=0;P2_2=0;break;
  29   2                      case 5:P2_4=0,P2_3=1;P2_2=1;break;
  30   2                      case 6:P2_4=0,P2_3=1;P2_2=0;break;
  31   2                      case 7:P2_4=0,P2_3=0;P2_2=1;break;
  32   2                      case 8:P2_4=0,P2_3=0;P2_2=0;break;
  33   2              }
  34   1              P0=light_number[number];
  35   1              Delay(1);
  36   1              P0=0x00;
  37   1              P2=0x1C;
  38   1      }
  39          
  40          void main()
  41          {
  42   1              
  43   1              
  44   1              while(1)
  45   1              {
  46   2                      LED(1,1);
  47   2                      //Delay(1);
  48   2                      LED(2,2);
  49   2                      //Delay(1);
  50   2                      LED(3,3);
  51   2                      //Delay(1);
  52   2                      LED(4,4);
  53   2                      //Delay(1);
  54   2                      LED(5,5);
C51 COMPILER V9.54   MAIN                                                                  12/11/2025 21:06:24 PAGE 2   

  55   2                      //Delay(1);
  56   2                      LED(6,6);
  57   2                      //Delay(1);
  58   2                      LED(7,7);
  59   2                      //Delay(1);
  60   2                      LED(8,8);
  61   2                      //Delay(1);
  62   2                      //P2=0x1C;
  63   2              }
  64   1      
  65   1      }


MODULE INFORMATION:   STATIC OVERLAYABLE
   CODE SIZE        =    207    ----
   CONSTANT SIZE    =   ----    ----
   XDATA SIZE       =   ----    ----
   PDATA SIZE       =   ----    ----
   DATA SIZE        =     10    ----
   IDATA SIZE       =   ----    ----
   BIT SIZE         =   ----    ----
END OF MODULE INFORMATION.


C51 COMPILATION COMPLETE.  0 WARNING(S),  0 ERROR(S)
