C51 COMPILER V9.57.0.0   MAIN                                                              12/14/2025 21:07:49 PAGE 1   


C51 COMPILER V9.57.0.0, COMPILATION OF MODULE MAIN
OBJECT MODULE PLACED IN .\Objects\main.obj
COMPILER INVOKED BY: C:\Keil_v5\C51\BIN\C51.EXE main.c OPTIMIZE(8,SPEED) BROWSE DEBUG OBJECTEXTEND PRINT(.\Listings\main
                    -.lst) OBJECT(.\Objects\main.obj)

line level    source

   1          #include <REGX52.H>
   2          #include "Delay.h"
   3          #include "Nixie.h"
   4          void main()
   5          {
   6   1              while (1)
   7   1              {
   8   2                      /*P2_0=1;
   9   2                      Delay(500);
  10   2                      P2_0=0;
  11   2                      Delay(500);*/
  12   2                      LED(1,1);
  13   2                      //Delay(1);
  14   2                      LED(2,2);
  15   2                      //Delay(1);
  16   2                      LED(3,3);
  17   2                      //Delay(1);
  18   2                      LED(4,4);
  19   2                      //Delay(1);
  20   2                      LED(5,5);
  21   2                      //Delay(1);
  22   2                      LED(6,6);
  23   2                      //Delay(1);
  24   2                      LED(7,7);
  25   2                      //Delay(1);
  26   2                      LED(8,8);
  27   2                      //Delay(1);
  28   2                      //P2=0x1C;
  29   2              }
  30   1      }


MODULE INFORMATION:   STATIC OVERLAYABLE
   CODE SIZE        =     74    ----
   CONSTANT SIZE    =   ----    ----
   XDATA SIZE       =   ----    ----
   PDATA SIZE       =   ----    ----
   DATA SIZE        =   ----    ----
   IDATA SIZE       =   ----    ----
   BIT SIZE         =   ----    ----
END OF MODULE INFORMATION.


C51 COMPILATION COMPLETE.  0 WARNING(S),  0 ERROR(S)
