C51 COMPILER V9.57.0.0   NIXIE                                                             12/14/2025 21:07:49 PAGE 1   


C51 COMPILER V9.57.0.0, COMPILATION OF MODULE NIXIE
OBJECT MODULE PLACED IN .\Objects\Nixie.obj
COMPILER INVOKED BY: C:\Keil_v5\C51\BIN\C51.EXE Nixie.c OPTIMIZE(8,SPEED) BROWSE DEBUG OBJECTEXTEND PRINT(.\Listings\Nix
                    -ie.lst) OBJECT(.\Objects\Nixie.obj)

line level    source

   1          #include <REGX52.H>
   2          #include "Delay.h"
   3          unsigned char light_number[10]={0x3F,0x06,0x5B,0x4F,0x66,0x6D,0x7D,0x07,0x7F,0x6F};
   4          
   5          void LED(unsigned char led_position,number)
   6          {
   7   1              switch(led_position)
   8   1              {
   9   2                      case 1:P2_4=1,P2_3=1;P2_2=1;break;
  10   2                      case 2:P2_4=1,P2_3=1;P2_2=0;break;
  11   2                      case 3:P2_4=1,P2_3=0;P2_2=1;break;
  12   2                      case 4:P2_4=1,P2_3=0;P2_2=0;break;
  13   2                      case 5:P2_4=0,P2_3=1;P2_2=1;break;
  14   2                      case 6:P2_4=0,P2_3=1;P2_2=0;break;
  15   2                      case 7:P2_4=0,P2_3=0;P2_2=1;break;
  16   2                      case 8:P2_4=0,P2_3=0;P2_2=0;break;
  17   2              }
  18   1              P0=light_number[number];
  19   1              Delay(1);
  20   1              //P0=0x00;
  21   1              //P2=0x1C;//无法使LED模块熄灭！！！
  22   1      }


MODULE INFORMATION:   STATIC OVERLAYABLE
   CODE SIZE        =    105    ----
   CONSTANT SIZE    =   ----    ----
   XDATA SIZE       =   ----    ----
   PDATA SIZE       =   ----    ----
   DATA SIZE        =     10    ----
   IDATA SIZE       =   ----    ----
   BIT SIZE         =   ----    ----
END OF MODULE INFORMATION.


C51 COMPILATION COMPLETE.  0 WARNING(S),  0 ERROR(S)
